<?xml version="1.0" encoding="UTF-8"?>
<!-- Generated by org.testng.reporters.JUnitReportReporter -->
<testsuite hostname="PRANAYC" failures="0" tests="1" name="delete" time="4.419" errors="0" timestamp="2023-05-31T14:18:18 IST" skipped="0">
  <testcase classname="delete" name="postMethod" time="4.419"/>
  <system-out/>
</testsuite> <!-- delete -->
