<?xml version="1.0" encoding="UTF-8"?>
<!-- Generated by org.testng.reporters.JUnitReportReporter -->
<testsuite hostname="PRANAYC" failures="0" tests="1" name="post_tc" time="3.840" errors="0" timestamp="2023-05-31T14:03:09 IST" skipped="0">
  <testcase classname="post_tc" name="postMethod" time="3.840"/>
  <system-out/>
</testsuite> <!-- post_tc -->
