<?xml version="1.0" encoding="UTF-8"?>
<!-- Generated by org.testng.reporters.JUnitReportReporter -->
<testsuite hostname="PRANAYC" failures="0" tests="1" name="post" time="9.025" errors="0" timestamp="2023-05-31T14:15:01 IST" skipped="0">
  <testcase classname="post" name="postMethod" time="9.025"/>
  <system-out/>
</testsuite> <!-- post -->
