<?xml version="1.0" encoding="UTF-8"?>
<!-- Generated by org.testng.reporters.JUnitReportReporter -->
<testsuite hostname="PRANAYC" failures="0" tests="1" name="delete_tc" time="3.258" errors="0" timestamp="2023-05-31T14:03:50 IST" skipped="0">
  <testcase classname="delete_tc" name="deleteMethod" time="3.258"/>
  <system-out/>
</testsuite> <!-- delete_tc -->
