<?xml version="1.0" encoding="UTF-8"?>
<!-- Generated by org.testng.reporters.JUnitReportReporter -->
<testsuite hostname="PRANAYC" failures="0" tests="1" name="get" time="3.690" errors="0" timestamp="2023-05-31T14:25:36 IST" skipped="0">
  <testcase classname="get" name="getMethod" time="3.690"/>
  <system-out/>
</testsuite> <!-- get -->
